TN:
SF:src\index.ts
FN:25,(anonymous_7)
FN:40,(anonymous_8)
FNF:2
FNH:0
FNDA:0,(anonymous_7)
FNDA:0,(anonymous_8)
DA:1,0
DA:2,0
DA:3,0
DA:4,0
DA:5,0
DA:6,0
DA:7,0
DA:8,0
DA:9,0
DA:10,0
DA:12,0
DA:14,0
DA:15,0
DA:16,0
DA:17,0
DA:23,0
DA:25,0
DA:26,0
DA:27,0
DA:30,0
DA:31,0
DA:33,0
DA:34,0
DA:40,0
DA:41,0
LF:25
LH:0
BRF:0
BRH:0
end_of_record
TN:
SF:src\controller\user-controller.ts
FN:19,(anonymous_4)
FN:25,(anonymous_5)
FN:31,(anonymous_6)
FN:12,(anonymous_7)
FNF:4
FNH:1
FNDA:0,(anonymous_4)
FNDA:0,(anonymous_5)
FNDA:1,(anonymous_6)
FNDA:0,(anonymous_7)
DA:2,1
DA:5,1
DA:6,1
DA:7,1
DA:13,0
DA:14,0
DA:17,1
DA:19,1
DA:20,0
DA:21,0
DA:25,1
DA:26,0
DA:31,1
DA:32,1
LF:14
LH:9
BRF:0
BRH:0
end_of_record
TN:
SF:src\middleware\global-error-handler.ts
FN:6,(anonymous_1)
FNF:1
FNH:1
FNDA:1,(anonymous_1)
DA:1,1
DA:4,1
DA:9,1
DA:10,1
LF:4
LH:4
BRDA:9,0,0,1
BRDA:9,0,1,1
BRF:2
BRH:2
end_of_record
TN:
SF:src\middleware\middleware.ts
FN:3,loggingBefore
FN:9,loggingAfter
FNF:2
FNH:1
FNDA:1,loggingBefore
FNDA:0,loggingAfter
DA:1,1
DA:3,1
DA:4,1
DA:5,1
DA:6,1
DA:9,1
DA:10,0
DA:11,0
LF:8
LH:6
BRF:0
BRH:0
end_of_record
TN:
SF:src\model\info.ts
FNF:0
FNH:0
DA:1,1
DA:3,1
DA:5,1
DA:8,1
LF:4
LH:4
BRF:0
BRH:0
end_of_record
